[debug] [2023-05-15T12:02:48.735Z] ----------------------------------------------------------------------
[debug] [2023-05-15T12:02:48.737Z] Command:       /usr/local/bin/node /usr/local/bin/firebase hosting:channel:deploy crmuat
[debug] [2023-05-15T12:02:48.738Z] CLI Version:   11.24.0
[debug] [2023-05-15T12:02:48.738Z] Platform:      darwin
[debug] [2023-05-15T12:02:48.738Z] Node Version:  v16.13.2
[debug] [2023-05-15T12:02:48.740Z] Time:          Mon May 15 2023 17:32:48 GMT+0530 (India Standard Time)
[debug] [2023-05-15T12:02:48.740Z] ----------------------------------------------------------------------
[debug] 
[debug] [2023-05-15T12:02:48.823Z] > command requires scopes: ["email","openid","https://www.googleapis.com/auth/cloudplatformprojects.readonly","https://www.googleapis.com/auth/firebase","https://www.googleapis.com/auth/cloud-platform"]
[debug] [2023-05-15T12:02:48.824Z] > authorizing via signed-in user (getrefr.in@gmail.com)
[debug] [2023-05-15T12:02:48.824Z] [iam] checking project devrefrclient for permissions ["firebase.projects.get","firebasehosting.sites.update"]
[debug] [2023-05-15T12:02:48.827Z] >>> [apiv2][query] POST https://cloudresourcemanager.googleapis.com/v1/projects/devrefrclient:testIamPermissions [none]
[debug] [2023-05-15T12:02:48.827Z] >>> [apiv2][(partial)header] POST https://cloudresourcemanager.googleapis.com/v1/projects/devrefrclient:testIamPermissions x-goog-quota-user=projects/devrefrclient
[debug] [2023-05-15T12:02:48.827Z] >>> [apiv2][body] POST https://cloudresourcemanager.googleapis.com/v1/projects/devrefrclient:testIamPermissions {"permissions":["firebase.projects.get","firebasehosting.sites.update"]}
[debug] [2023-05-15T12:02:50.621Z] <<< [apiv2][status] POST https://cloudresourcemanager.googleapis.com/v1/projects/devrefrclient:testIamPermissions 200
[debug] [2023-05-15T12:02:50.622Z] <<< [apiv2][body] POST https://cloudresourcemanager.googleapis.com/v1/projects/devrefrclient:testIamPermissions {}
[debug] [2023-05-15T12:02:50.622Z] [iam] error while checking permissions, command may fail: FirebaseError: Authorization failed. This account is missing the following required permissions on project devrefrclient:

  firebase.projects.get
  firebasehosting.sites.update
[debug] [2023-05-15T12:02:50.624Z] >>> [apiv2][query] GET https://firebase.googleapis.com/v1beta1/projects/devrefrclient [none]
[debug] [2023-05-15T12:02:51.225Z] <<< [apiv2][status] GET https://firebase.googleapis.com/v1beta1/projects/devrefrclient 403
[debug] [2023-05-15T12:02:51.225Z] <<< [apiv2][body] GET https://firebase.googleapis.com/v1beta1/projects/devrefrclient {"error":{"code":403,"message":"The caller does not have permission","status":"PERMISSION_DENIED"}}
[debug] [2023-05-15T12:02:51.227Z] HTTP Error: 403, The caller does not have permission
[debug] [2023-05-15T12:02:51.393Z] FirebaseError: HTTP Error: 403, The caller does not have permission
    at responseToError (/usr/local/lib/node_modules/firebase-tools/lib/responseToError.js:49:12)
    at RetryOperation._fn (/usr/local/lib/node_modules/firebase-tools/lib/apiv2.js:288:77)
    at processTicksAndRejections (node:internal/process/task_queues:96:5)
[error] 
[error] Error: Failed to get Firebase project devrefrclient. Please make sure the project exists and your account has permission to access it.
